<?xml version="1.0" encoding="UTF-8"?>
<testsuite xmlns:xsi="http://www.w3.org/2001/XMLSchema-instance" xsi:noNamespaceSchemaLocation="https://maven.apache.org/surefire/maven-surefire-plugin/xsd/surefire-test-report-3.0.xsd" version="3.0" name="test.PersonTest" time="0.372" tests="5" errors="0" skipped="0" failures="0">
  <properties>
    <property name="java.specification.version" value="23"/>
    <property name="sun.cpu.isalist" value="amd64"/>
    <property name="sun.jnu.encoding" value="Cp1252"/>
    <property name="java.class.path" value="C:\Users\Fabulous\GitHub\JAVA_ECF_SPARADRAP\target\test-classes;C:\Users\Fabulous\GitHub\JAVA_ECF_SPARADRAP\target\classes;C:\Users\Fabulous\.m2\repository\com\mysql\mysql-connector-j\9.1.0\mysql-connector-j-9.1.0.jar;C:\Users\Fabulous\.m2\repository\com\google\protobuf\protobuf-java\4.26.1\protobuf-java-4.26.1.jar;C:\Users\Fabulous\.m2\repository\org\junit\jupiter\junit-jupiter-api\5.11.3\junit-jupiter-api-5.11.3.jar;C:\Users\Fabulous\.m2\repository\org\opentest4j\opentest4j\1.3.0\opentest4j-1.3.0.jar;C:\Users\Fabulous\.m2\repository\org\junit\platform\junit-platform-commons\1.11.3\junit-platform-commons-1.11.3.jar;C:\Users\Fabulous\.m2\repository\org\apiguardian\apiguardian-api\1.1.2\apiguardian-api-1.1.2.jar;C:\Users\Fabulous\.m2\repository\org\junit\jupiter\junit-jupiter-params\5.11.3\junit-jupiter-params-5.11.3.jar;C:\Users\Fabulous\.m2\repository\org\apache\logging\log4j\log4j-core\2.24.2\log4j-core-2.24.2.jar;C:\Users\Fabulous\.m2\repository\org\apache\logging\log4j\log4j-api\2.24.2\log4j-api-2.24.2.jar;"/>
    <property name="java.vm.vendor" value="Oracle Corporation"/>
    <property name="sun.arch.data.model" value="64"/>
    <property name="user.variant" value=""/>
    <property name="java.vendor.url" value="https://java.oracle.com/"/>
    <property name="user.timezone" value="Europe/Paris"/>
    <property name="os.name" value="Windows 10"/>
    <property name="java.vm.specification.version" value="23"/>
    <property name="sun.java.launcher" value="SUN_STANDARD"/>
    <property name="user.country" value="FR"/>
    <property name="sun.boot.library.path" value="C:\Program Files\Java\jdk-23\bin"/>
    <property name="sun.java.command" value="C:\Users\Fabulous\AppData\Local\Temp\surefire10930034074914899165\surefirebooter-20241129113820405_3.jar C:\Users\Fabulous\AppData\Local\Temp\surefire10930034074914899165 2024-11-29T11-38-20_282-jvmRun1 surefire-20241129113820405_1tmp surefire_0-20241129113820405_2tmp"/>
    <property name="jdk.debug" value="release"/>
    <property name="surefire.test.class.path" value="C:\Users\Fabulous\GitHub\JAVA_ECF_SPARADRAP\target\test-classes;C:\Users\Fabulous\GitHub\JAVA_ECF_SPARADRAP\target\classes;C:\Users\Fabulous\.m2\repository\com\mysql\mysql-connector-j\9.1.0\mysql-connector-j-9.1.0.jar;C:\Users\Fabulous\.m2\repository\com\google\protobuf\protobuf-java\4.26.1\protobuf-java-4.26.1.jar;C:\Users\Fabulous\.m2\repository\org\junit\jupiter\junit-jupiter-api\5.11.3\junit-jupiter-api-5.11.3.jar;C:\Users\Fabulous\.m2\repository\org\opentest4j\opentest4j\1.3.0\opentest4j-1.3.0.jar;C:\Users\Fabulous\.m2\repository\org\junit\platform\junit-platform-commons\1.11.3\junit-platform-commons-1.11.3.jar;C:\Users\Fabulous\.m2\repository\org\apiguardian\apiguardian-api\1.1.2\apiguardian-api-1.1.2.jar;C:\Users\Fabulous\.m2\repository\org\junit\jupiter\junit-jupiter-params\5.11.3\junit-jupiter-params-5.11.3.jar;C:\Users\Fabulous\.m2\repository\org\apache\logging\log4j\log4j-core\2.24.2\log4j-core-2.24.2.jar;C:\Users\Fabulous\.m2\repository\org\apache\logging\log4j\log4j-api\2.24.2\log4j-api-2.24.2.jar;"/>
    <property name="sun.cpu.endian" value="little"/>
    <property name="user.home" value="C:\Users\Fabulous"/>
    <property name="user.language" value="fr"/>
    <property name="java.specification.vendor" value="Oracle Corporation"/>
    <property name="java.version.date" value="2024-10-15"/>
    <property name="java.home" value="C:\Program Files\Java\jdk-23"/>
    <property name="file.separator" value="\"/>
    <property name="basedir" value="C:\Users\Fabulous\GitHub\JAVA_ECF_SPARADRAP"/>
    <property name="java.vm.compressedOopsMode" value="Zero based"/>
    <property name="line.separator" value="&#10;"/>
    <property name="java.vm.specification.vendor" value="Oracle Corporation"/>
    <property name="java.specification.name" value="Java Platform API Specification"/>
    <property name="surefire.real.class.path" value="C:\Users\Fabulous\AppData\Local\Temp\surefire10930034074914899165\surefirebooter-20241129113820405_3.jar"/>
    <property name="user.script" value=""/>
    <property name="sun.management.compiler" value="HotSpot 64-Bit Tiered Compilers"/>
    <property name="java.runtime.version" value="23.0.1+11-39"/>
    <property name="user.name" value="Fabulous"/>
    <property name="stdout.encoding" value="Cp1252"/>
    <property name="path.separator" value=";"/>
    <property name="os.version" value="10.0"/>
    <property name="java.runtime.name" value="Java(TM) SE Runtime Environment"/>
    <property name="file.encoding" value="UTF-8"/>
    <property name="java.vm.name" value="Java HotSpot(TM) 64-Bit Server VM"/>
    <property name="localRepository" value="C:\Users\Fabulous\.m2\repository"/>
    <property name="java.vendor.url.bug" value="https://bugreport.java.com/bugreport/"/>
    <property name="java.io.tmpdir" value="C:\Users\Fabulous\AppData\Local\Temp\"/>
    <property name="idea.version" value="2024.1.4"/>
    <property name="java.version" value="23.0.1"/>
    <property name="user.dir" value="C:\Users\Fabulous\GitHub\JAVA_ECF_SPARADRAP"/>
    <property name="os.arch" value="amd64"/>
    <property name="java.vm.specification.name" value="Java Virtual Machine Specification"/>
    <property name="sun.os.patch.level" value=""/>
    <property name="native.encoding" value="Cp1252"/>
    <property name="java.library.path" value="C:\Program Files\Java\jdk-23\bin;C:\Windows\Sun\Java\bin;C:\Windows\system32;C:\Windows;C:\Program Files\Common Files\Oracle\Java\javapath;C:\Windows\system32;C:\Windows;C:\Windows\System32\Wbem;C:\Windows\System32\WindowsPowerShell\v1.0\;C:\Windows\System32\OpenSSH\;C:\Program Files\Git\cmd;C:\Program Files\nodejs\;C:\laragon\bin\php\php-8.3.10-Win32-vs16-x64;C:\ProgramData\ComposerSetup\bin;C:\Program Files (x86)\NVIDIA Corporation\PhysX\Common;C:\Program Files\NVIDIA Corporation\NVIDIA NvDLISR;%MAVEN_HOME%bin;%JAVA_HOME%bin;C:\maven\apache-maven-3.9.9\bin;C:\Users\Fabulous\AppData\Local\Programs\Microsoft VS Code\bin;C:\Users\Fabulous\AppData\Local\GitHubDesktop\bin;."/>
    <property name="java.vm.info" value="mixed mode, sharing"/>
    <property name="stderr.encoding" value="Cp1252"/>
    <property name="java.vendor" value="Oracle Corporation"/>
    <property name="java.vm.version" value="23.0.1+11-39"/>
    <property name="sun.io.unicode.encoding" value="UnicodeLittle"/>
    <property name="java.class.version" value="67.0"/>
  </properties>
  <testcase name="setPostalCode" classname="test.PersonTest" time="0.33">
    <system-out><![CDATA[2024-11-29 11:38:21 [main] DEBUG fr.pompey.dev.afpa.model.Person - Default Person constructor called.
2024-11-29 11:38:21 [main] INFO  fr.pompey.dev.afpa.model.Person - Setting postal code to 54100
2024-11-29 11:38:21 [main] ERROR fr.pompey.dev.afpa.model.Person - Invalid postal code provided: 1234
]]></system-out>
  </testcase>
  <testcase name="setLastname" classname="test.PersonTest" time="0.002">
    <system-out><![CDATA[2024-11-29 11:38:21 [main] DEBUG fr.pompey.dev.afpa.model.Person - Default Person constructor called.
2024-11-29 11:38:21 [main] WARN  fr.pompey.dev.afpa.model.Person - Setting lastname to House
2024-11-29 11:38:21 [main] ERROR fr.pompey.dev.afpa.model.Person - Invalid lastname provided: null
]]></system-out>
  </testcase>
  <testcase name="setPhoneNumber" classname="test.PersonTest" time="0.004">
    <system-out><![CDATA[2024-11-29 11:38:21 [main] DEBUG fr.pompey.dev.afpa.model.Person - Default Person constructor called.
2024-11-29 11:38:21 [main] INFO  fr.pompey.dev.afpa.model.Person - Setting phone number to 0123456789
2024-11-29 11:38:21 [main] ERROR fr.pompey.dev.afpa.model.Person - Invalid phone number provided: 1234
]]></system-out>
  </testcase>
  <testcase name="setEmail" classname="test.PersonTest" time="0.002">
    <system-out><![CDATA[2024-11-29 11:38:21 [main] DEBUG fr.pompey.dev.afpa.model.Person - Default Person constructor called.
2024-11-29 11:38:21 [main] INFO  fr.pompey.dev.afpa.model.Person - Setting email to example@example.com
2024-11-29 11:38:21 [main] ERROR fr.pompey.dev.afpa.model.Person - Invalid email provided: invalid-email
]]></system-out>
  </testcase>
  <testcase name="setFirstname" classname="test.PersonTest" time="0.003">
    <system-out><![CDATA[2024-11-29 11:38:21 [main] DEBUG fr.pompey.dev.afpa.model.Person - Default Person constructor called.
2024-11-29 11:38:21 [main] INFO  fr.pompey.dev.afpa.model.Person - Setting firstname to Matt
2024-11-29 11:38:21 [main] ERROR fr.pompey.dev.afpa.model.Person - Invalid firstname provided: null
]]></system-out>
  </testcase>
</testsuite>